apk/app/build/outputs/mapping/release/seeds.txt
org.mandla.results.twa.DelegationService
org.mandla.results.twa.Application
org.mandla.results.twa.LauncherActivity
org.mandla.results.twa.DelegationService: DelegationService()
org.mandla.results.twa.LauncherActivity: LauncherActivity()
org.mandla.results.twa.Application: Application()
...
com.google.android.gms.common.api.internal.LifecycleCallback
androidx.lifecycle.Lifecycle$Event: androidx.lifecycle.Lifecycle$Event ON_PAUSE
android.support.v4.app.RemoteActionCompatParcelizer: void write(androidx.core.app.RemoteActionCompat,androidx.versionedparcelable.VersionedParcel)
androidx.lifecycle.Lifecycle$Event: androidx.lifecycle.Lifecycle$Event ON_DESTROY
com.google.android.gms.common.internal.ReflectedParcelable
androidx.versionedparcelable.ParcelImpl
androidx.lifecycle.CompositeGeneratedAdaptersObserver
com.google.android.gms.internal.location.zzbd: android.os.Parcelable$Creator CREATOR
com.google.android.gms.common.annotation.KeepName
androidx.lifecycle.Lifecycle$Event: androidx.lifecycle.Lifecycle$Event ON_ANY
androidx.lifecycle.FullLifecycleObserverAdapter
androidx.browser.browseractions.BrowserActionsFallbackMenuView
com.google.android.gms.signin.internal.zah: android.os.Parcelable$Creator CREATOR
androidx.core.app.CoreComponentFactory
com.google.android.gms.location.LocationResult: android.os.Parcelable$Creator CREATOR
androidx.core.app.RemoteActionCompatParcelizer: RemoteActionCompatParcelizer()
android.support.v4.graphics.drawable.IconCompatParcelizer
com.google.android.gms.common.Feature: android.os.Parcelable$Creator CREATOR
com.google.android.gms.internal.location.zzm: android.os.Parcelable$Creator CREATOR
com.google.androidbrowserhelper.trusted.ManageDataLauncherActivity: ManageDataLauncherActivity()
com.google.android.gms.common.internal.GetServiceRequest: android.os.Parcelable$Creator CREATOR
androidx.fragment.app.BackStackState: android.os.Parcelable$Creator CREATOR
androidx.core.content.FileProvider
androidx.lifecycle.Lifecycle$Event: androidx.lifecycle.Lifecycle$Event ON_RESUME
com.google.android.gms.signin.internal.zaj: android.os.Parcelable$Creator CREATOR
com.google.androidbrowserhelper.trusted.NotificationPermissionRequestActivity
androidx.versionedparcelable.CustomVersionedParcelable
androidx.lifecycle.SingleGeneratedAdapterObserver
androidx.lifecycle.Lifecycle$State: androidx.lifecycle.Lifecycle$State[] values()
com.google.android.gms.location.LocationAvailability: android.os.Parcelable$Creator CREATOR
androidx.browser.trusted.TrustedWebActivityService: TrustedWebActivityService()
com.google.android.gms.location.zzj: android.os.Parcelable$Creator CREATOR
com.google.android.gms.common.internal.ClientIdentity: android.os.Parcelable$Creator CREATOR
com.google.android.gms.auth.api.signin.GoogleSignInAccount: android.os.Parcelable$Creator CREATOR
androidx.lifecycle.Lifecycle$Event: androidx.lifecycle.Lifecycle$Event ON_START
com.google.android.gms.common.ConnectionResult: android.os.Parcelable$Creator CREATOR
androidx.lifecycle.Lifecycle$Event: androidx.lifecycle.Lifecycle$Event[] values()
com.google.androidbrowserhelper.trusted.FocusActivity: FocusActivity()
com.google.androidbrowserhelper.trusted.NotificationPermissionRequestActivity: NotificationPermissionRequestActivity()
com.google.android.gms.common.internal.ResolveAccountRequest: android.os.Parcelable$Creator CREATOR
androidx.core.graphics.drawable.IconCompatParcelizer: IconCompatParcelizer()
androidx.versionedparcelable.CustomVersionedParcelable: CustomVersionedParcelable()
com.google.android.gms.common.util.DynamiteApi
com.google.androidbrowserhelper.trusted.FocusActivity
androidx.core.app.RemoteActionCompatParcelizer: void write(androidx.core.app.RemoteActionCompat,androidx.versionedparcelable.VersionedParcel)
androidx.core.app.CoreComponentFactory: CoreComponentFactory()
androidx.loader.app.LoaderManagerImpl$LoaderViewModel
androidx.lifecycle.Lifecycle$Event: androidx.lifecycle.Lifecycle$Event valueOf(java.lang.String)
com.google.android.gms.signin.internal.zaa: android.os.Parcelable$Creator CREATOR
androidx.lifecycle.Lifecycle$State: androidx.lifecycle.Lifecycle$State valueOf(java.lang.String)
com.google.android.gms.common.internal.ResolveAccountResponse: android.os.Parcelable$Creator CREATOR