apk/app/build/outputs/mapping/release/mapping.txt
# compiler: R8
# compiler_version: 2.1.86
# min_api: 19
# pg_map_id: 536084a
# common_typos_disable
org.mandla.results.twa.LauncherActivity -> org.mandla.results.twa.LauncherActivity:
    android.net.Uri getLaunchingUrl() -> f
...
com.google.android.gms.common.api.internal.ListenerHolder$ListenerKey -> com.google.android.gms.common.api.internal.g$a:
    java.lang.Object zajk -> a
    java.lang.String zajn -> b
com.google.android.gms.common.api.internal.ListenerHolder$Notifier -> com.google.android.gms.common.api.internal.g$b:
    void notifyListener(java.lang.Object) -> a
    void onNotifyListenerFailed() -> b
com.google.android.gms.common.api.internal.ListenerHolder$zaa -> com.google.android.gms.common.api.internal.g$c:
    com.google.android.gms.common.api.internal.ListenerHolder zajm -> a
com.google.android.gms.common.api.internal.ListenerHolders -> com.google.android.gms.common.api.internal.h:
    java.util.Set zajo -> a
    com.google.android.gms.common.api.internal.ListenerHolder createListenerHolder(java.lang.Object,android.os.Looper,java.lang.String) -> a
    com.google.android.gms.common.api.internal.ListenerHolder$ListenerKey createListenerKey(java.lang.Object,java.lang.String) -> b
    void release() -> c
com.google.android.gms.common.api.internal.RegisterListenerMethod -> com.google.android.gms.common.api.internal.i:
    void clearListener() -> a
    com.google.android.gms.common.Feature[] getRequiredFeatures() -> b
    void registerListener(com.google.android.gms.common.api.Api$AnyClient,com.google.android.gms.tasks.TaskCompletionSource) -> c
    boolean shouldAutoResolveMissingFeatures() -> d
com.google.android.gms.common.api.internal.SignInConnectionListener -> com.google.android.gms.common.api.internal.j:
    void onComplete() -> a
com.google.android.gms.common.api.internal.UnregisterListenerMethod -> com.google.android.gms.common.api.internal.k:
    void unregisterListener(com.google.android.gms.common.api.Api$AnyClient,com.google.android.gms.tasks.TaskCompletionSource) -> a
com.google.android.gms.common.api.internal.zaaa -> com.google.android.gms.common.api.internal.l:
    void cancel() -> b
com.google.android.gms.common.api.internal.zaab -> com.google.android.gms.common.api.internal.m:
    java.util.Map zafk -> a
    java.util.Map zafl -> b
    java.util.Map zaa(com.google.android.gms.common.api.internal.zaab) -> a
    void zaa(com.google.android.gms.common.api.internal.BasePendingResult,boolean) -> b
    void zaa(boolean,com.google.android.gms.common.api.Status) -> c
    boolean zaag() -> d
    void zaah() -> e
    void zaai() -> f
com.google.android.gms.common.api.internal.zaac -> com.google.android.gms.common.api.internal.n:
    com.google.android.gms.common.api.internal.BasePendingResult zafm -> a
    com.google.android.gms.common.api.internal.zaab zafn -> b
    void onComplete(com.google.android.gms.common.api.Status) -> a
com.google.android.gms.common.api.internal.zaae -> com.google.android.gms.common.api.internal.o:
com.google.android.gms.common.api.internal.zaaf -> com.google.android.gms.common.api.internal.p:
    com.google.android.gms.common.api.internal.zai zafq -> a
    com.google.android.gms.tasks.TaskCompletionSource zafr -> b
    com.google.android.gms.tasks.TaskCompletionSource zaal() -> a
    com.google.android.gms.common.api.internal.zai zak() -> b
com.google.android.gms.common.api.internal.zaag -> com.google.android.gms.common.api.internal.q:
    java.lang.String zafs -> b
    void connect() -> d
    void disconnect() -> f
    void dump(java.lang.String,java.io.FileDescriptor,java.io.PrintWriter,java.lang.String[]) -> g
    boolean isConnected() -> k
    boolean isConnecting() -> l